\BOOKMARK [0][-]{dummy.1}{\376\377\000D\000e\000c\000l\000a\000r\000a\000t\000i\000o\000n}{}% 1
\BOOKMARK [0][-]{dummy.2}{\376\377\000A\000c\000k\000n\000o\000w\000l\000e\000d\000g\000e\000m\000e\000n\000t\000s}{}% 2
\BOOKMARK [0][-]{dummy.3}{\376\377\000C\000o\000n\000t\000e\000n\000t\000s}{}% 3
\BOOKMARK [0][-]{dummy.5}{\376\377\000L\000i\000s\000t\000\040\000o\000f\000\040\000F\000i\000g\000u\000r\000e\000s}{}% 4
\BOOKMARK [0][-]{dummy.7}{\376\377\000L\000i\000s\000t\000\040\000o\000f\000\040\000T\000a\000b\000l\000e\000s}{}% 5
\BOOKMARK [0][-]{dummy.9}{\376\377\000A\000b\000b\000r\000e\000v\000i\000a\000t\000i\000o\000n\000s\000\040\000a\000n\000d\000\040\000A\000c\000r\000o\000n\000y\000m\000s}{}% 6
\BOOKMARK [0][-]{dummy.11}{\376\377\000M\000a\000n\000a\000g\000e\000m\000e\000n\000t\000\040\000S\000u\000m\000m\000a\000r\000y}{}% 7
\BOOKMARK [0][-]{chapter.12}{\376\377\0001\000\040\000S\000o\000f\000t\000w\000a\000r\000e\000\040\000P\000r\000o\000j\000e\000c\000t\000\040\000P\000l\000a\000n\000n\000i\000n\000g}{}% 8
\BOOKMARK [1][-]{section.13}{\376\377\0001\000.\0001\000\040\000I\000n\000t\000r\000o\000d\000u\000c\000t\000i\000o\000n}{chapter.12}% 9
\BOOKMARK [2][-]{subsection.14}{\376\377\0001\000.\0001\000.\0001\000\040\000P\000r\000o\000j\000e\000c\000t\000\040\000B\000r\000i\000e\000f\000\040\000D\000e\000s\000c\000r\000i\000p\000t\000i\000o\000n}{section.13}% 10
\BOOKMARK [2][-]{subsection.15}{\376\377\0001\000.\0001\000.\0002\000\040\000M\000T\000S\000\040\000i\000s\000\040\000a\000n\000\040\000I\000o\000T\000\040\000S\000o\000f\000t\000w\000a\000r\000e}{section.13}% 11
\BOOKMARK [2][-]{subsection.16}{\376\377\0001\000.\0001\000.\0003\000\040\000P\000r\000o\000j\000e\000c\000t\000\040\000O\000b\000j\000e\000c\000t\000i\000v\000e\000s}{section.13}% 12
\BOOKMARK [1][-]{section.17}{\376\377\0001\000.\0002\000\040\000P\000r\000o\000j\000e\000c\000t\000\040\000S\000c\000o\000p\000e}{chapter.12}% 13
\BOOKMARK [1][-]{section.18}{\376\377\0001\000.\0003\000\040\000I\000n\000s\000t\000a\000l\000l\000a\000t\000i\000o\000n}{chapter.12}% 14
\BOOKMARK [1][-]{section.20}{\376\377\0001\000.\0004\000\040\000E\000x\000e\000c\000u\000t\000i\000o\000n}{chapter.12}% 15
\BOOKMARK [1][-]{section.21}{\376\377\0001\000.\0005\000\040\000F\000e\000e\000d\000b\000a\000c\000k\000s\000\040\000a\000n\000d\000\040\000u\000p\000d\000a\000t\000e\000s}{chapter.12}% 16
\BOOKMARK [0][-]{chapter.22}{\376\377\0002\000\040\000E\000s\000t\000i\000m\000a\000t\000e\000d\000\040\000B\000u\000d\000g\000e\000t}{}% 17
\BOOKMARK [1][-]{section.23}{\376\377\0002\000.\0001\000\040\000H\000a\000r\000d\000w\000a\000r\000e\000\040\000i\000t\000m\000e\000s\000\040\000c\000o\000s\000t}{chapter.22}% 18
\BOOKMARK [0][-]{chapter.25}{\376\377\0003\000\040\000E\000s\000t\000i\000m\000a\000t\000e\000d\000\040\000T\000i\000m\000e\000l\000i\000n\000e}{}% 19
\BOOKMARK [1][-]{section.26}{\376\377\0003\000.\0001\000\040\000E\000s\000t\000i\000m\000a\000t\000e\000d\000\040\000T\000i\000m\000e\000l\000i\000n\000e}{chapter.25}% 20
\BOOKMARK [2][-]{subsection.27}{\376\377\0003\000.\0001\000.\0001\000\040\000G\000a\000n\000t\000t\000\040\000C\000h\000a\000r\000t}{section.26}% 21
\BOOKMARK [0][-]{chapter.29}{\376\377\0004\000\040\000P\000r\000o\000j\000e\000c\000t\000\040\000O\000r\000g\000a\000n\000i\000z\000a\000t\000i\000o\000n\000\040\000a\000n\000d\000\040\000S\000t\000r\000u\000c\000t\000u\000r\000e}{}% 22
\BOOKMARK [1][-]{section.30}{\376\377\0004\000.\0001\000\040\000M\000a\000n\000p\000o\000w\000e\000r}{chapter.29}% 23
\BOOKMARK [1][-]{section.31}{\376\377\0004\000.\0002\000\040\000P\000r\000o\000j\000e\000c\000t\000\040\000O\000r\000g\000a\000n\000i\000z\000a\000t\000i\000o\000n\000\040\000a\000n\000d\000\040\000S\000t\000r\000u\000c\000t\000u\000r\000e}{chapter.29}% 24
\BOOKMARK [0][-]{chapter.35}{\376\377\0005\000\040\000S\000o\000f\000t\000w\000a\000r\000e\000\040\000P\000r\000o\000c\000e\000s\000s\000\040\000M\000o\000d\000e\000l}{}% 25
\BOOKMARK [1][-]{section.36}{\376\377\0005\000.\0001\000\040\000P\000r\000o\000t\000o\000t\000y\000p\000i\000n\000g\000\040\000m\000o\000d\000e\000l}{chapter.35}% 26
\BOOKMARK [2][-]{subsection.37}{\376\377\0005\000.\0001\000.\0001\000\040\000D\000e\000s\000c\000r\000i\000p\000t\000i\000o\000n}{section.36}% 27
\BOOKMARK [2][-]{subsection.39}{\376\377\0005\000.\0001\000.\0002\000\040\000R\000e\000a\000s\000o\000n\000s\000\040\000f\000o\000r\000\040\000c\000h\000o\000o\000s\000i\000n\000g\000\040\000p\000r\000o\000t\000o\000t\000y\000p\000i\000n\000g\000\040\000m\000o\000d\000e\000l}{section.36}% 28
\BOOKMARK [0][-]{chapter.40}{\376\377\0006\000\040\000S\000o\000f\000t\000w\000a\000r\000e\000\040\000P\000r\000o\000j\000e\000c\000t\000\040\000D\000e\000s\000i\000g\000n}{}% 29
\BOOKMARK [1][-]{section.41}{\376\377\0006\000.\0001\000\040\000U\000s\000e\000-\000C\000a\000s\000e\000\040\000o\000f\000\040\000p\000r\000o\000j\000e\000c\000t}{chapter.40}% 30
\BOOKMARK [1][-]{section.43}{\376\377\0006\000.\0002\000\040\000C\000o\000m\000p\000o\000n\000e\000n\000t\000\040\000D\000i\000a\000g\000r\000a\000m}{chapter.40}% 31
\BOOKMARK [1][-]{section.45}{\376\377\0006\000.\0003\000\040\000S\000e\000q\000u\000a\000n\000c\000e\000\040\000D\000i\000a\000g\000r\000a\000m}{chapter.40}% 32
\BOOKMARK [0][-]{chapter.47}{\376\377\0007\000\040\000C\000o\000n\000c\000l\000u\000s\000i\000o\000n\000s}{}% 33
\BOOKMARK [1][-]{section.48}{\376\377\0007\000.\0001\000\040\000C\000o\000n\000c\000l\000u\000s\000i\000o\000n\000s}{chapter.47}% 34
\BOOKMARK [1][-]{section.49}{\376\377\0007\000.\0002\000\040\000R\000e\000c\000o\000m\000m\000e\000n\000d\000a\000t\000i\000o\000n\000s\000\040\000f\000o\000r\000\040\000F\000u\000t\000u\000r\000e\000\040\000W\000o\000r\000k}{chapter.47}% 35
\BOOKMARK [1][-]{section.50}{\376\377\0007\000.\0003\000\040\000P\000r\000o\000j\000e\000c\000t\000\040\000R\000e\000p\000o\000s\000i\000t\000o\000r\000y}{chapter.47}% 36
